Using pre-set license

 COMMAND LINE ARGUMENTS:
/Applications/Unity/Hub/Editor/2020.3.13f1/Unity.app/Contents/MacOS/Unity
-adb2
-batchMode
-noUpm
-name
AssetImportWorker0
-projectPath
/Users/jeong-eunji/Desktop/AppleCatch
-logFile
Logs/AssetImportWorker0.log
-srvPort
60552
Successfully changed project path to: /Users/jeong-eunji/Desktop/AppleCatch
/Users/jeong-eunji/Desktop/AppleCatch
Using Asset Import Pipeline V2.
Refreshing native plugins compatible for Editor in 32.47 ms, found 2 plugins.
Preloading 0 native plugins for Editor in 0.00 ms.
Initialize engine version: 2020.3.13f1 (71691879b7f5)
[Subsystems] Discovering subsystems at path /Applications/Unity/Hub/Editor/2020.3.13f1/Unity.app/Contents/Resources/UnitySubsystems
[Subsystems] Discovering subsystems at path /Users/jeong-eunji/Desktop/AppleCatch/Assets
GfxDevice: creating device client; threaded=0
2021-08-07 01:23:12.127 Unity[19187:724039] Color LCD preferred device: Intel(R) Iris(TM) Plus Graphics 640 (low power)
2021-08-07 01:23:12.127 Unity[19187:724039] Metal devices available: 1
2021-08-07 01:23:12.127 Unity[19187:724039] 0: Intel(R) Iris(TM) Plus Graphics 640 (low power)
2021-08-07 01:23:12.128 Unity[19187:724039] Using device Intel(R) Iris(TM) Plus Graphics 640 (low power)
Initializing Metal device caps: Intel(R) Iris(TM) Plus Graphics 640
Initialize mono
Mono path[0] = '/Applications/Unity/Hub/Editor/2020.3.13f1/Unity.app/Contents/Managed'
Mono path[1] = '/Applications/Unity/Hub/Editor/2020.3.13f1/Unity.app/Contents/MonoBleedingEdge/lib/mono/unityjit'
Mono config path = '/Applications/Unity/Hub/Editor/2020.3.13f1/Unity.app/Contents/MonoBleedingEdge/etc'
Using monoOptions --debugger-agent=transport=dt_socket,embedding=1,server=y,suspend=n,address=127.0.0.1:56187
Begin MonoManager ReloadAssembly
Registering precompiled unity dll's ...
Register platform support module: /Applications/Unity/Hub/Editor/2020.3.13f1/Unity.app/Contents/PlaybackEngines/MacStandaloneSupport/UnityEditor.OSXStandalone.Extensions.dll
Registered in 0.001249 seconds.
Native extension for OSXStandalone target not found
Refreshing native plugins compatible for Editor in 29.05 ms, found 2 plugins.
Preloading 0 native plugins for Editor in 0.00 ms.
Mono: successfully reloaded assembly
- Completed reload, in  3.130 seconds
Platform modules already initialized, skipping
Registering precompiled user dll's ...
Registered in 0.001567 seconds.
Begin MonoManager ReloadAssembly
Native extension for OSXStandalone target not found
Refreshing native plugins compatible for Editor in 0.31 ms, found 2 plugins.
Preloading 0 native plugins for Editor in 0.00 ms.
Mono: successfully reloaded assembly
- Completed reload, in  1.238 seconds
Platform modules already initialized, skipping
========================================================================
Worker process is ready to serve import requests
Launching external process: /Applications/Unity/Hub/Editor/2020.3.13f1/Unity.app/Contents/Tools/UnityShaderCompiler
Launched and connected shader compiler UnityShaderCompiler after 0.01 seconds
Refreshing native plugins compatible for Editor in 0.35 ms, found 2 plugins.
Preloading 0 native plugins for Editor in 0.00 ms.
Unloading 1390 Unused Serialized files (Serialized files now loaded: 0)
System memory in use before: 140.5 MB.
System memory in use after: 140.5 MB.

Unloading 19 unused Assets to reduce memory usage. Loaded Objects now: 1823.
Total: 1.840053 ms (FindLiveObjects: 0.155668 ms CreateObjectMapping: 0.041979 ms MarkObjects: 1.558759 ms  DeleteObjects: 0.082828 ms)

AssetImportParameters requested are different than current active one (requested -> active):
  custom:video-decoder-ogg-theora: a1e56fd34408186e4bbccfd4996cb3dc -> 
  custom:container-muxer-webm: aa71ff27fc2769a1b78a27578f13a17b -> 
  custom:container-demuxer-webm: 4f35f7cbe854078d1ac9338744f61a02 -> 
  custom:container-demuxer-ogg: 62fdf1f143b41e24485cea50d1cbac27 -> 
  custom:video-encoder-webm-vp8: eb34c28f22e8b96e1ab97ce403110664 -> 
  custom:framework-osx-AVFoundation: b23960f63f64bdc6ff669e2cdcee2391 -> 
  custom:video-decoder-webm-vp8: 9c59270c3fd7afecdb556c50c9e8de78 -> 
  custom:audio-decoder-ogg-vorbis: bf7c407c2cedff20999df2af8eb42d56 -> 
  custom:audio-encoder-webm-vorbis: bf7c407c2cedff20999df2af8eb42d56 -> 
========================================================================
Received Import Request.
  path: Assets
  artifactKey: Guid(00000000000000001000000000000000) Importer(815301076,1909f56bfc062723c751e8b465ee728b)
Start importing Assets using Guid(00000000000000001000000000000000) Importer(815301076,1909f56bfc062723c751e8b465ee728b)  -> (artifact id: '42d402b061de3733987d63b9cc3b64de') in 0.003117 seconds 
  Import took 0.006464 seconds .

========================================================================
Received Import Request.
  Time since last request: 0.000220 seconds.
  path: Assets/Scenes
  artifactKey: Guid(5d0d76262c902444b8d92ea2d39b7225) Importer(815301076,1909f56bfc062723c751e8b465ee728b)
Start importing Assets/Scenes using Guid(5d0d76262c902444b8d92ea2d39b7225) Importer(815301076,1909f56bfc062723c751e8b465ee728b)  -> (artifact id: 'befe2fb78a3269530e1573ecfd0425e9') in 0.000871 seconds 
  Import took 0.002876 seconds .

========================================================================
Received Import Request.
  Time since last request: 0.000297 seconds.
  path: Assets/Scenes/GameScene.unity
  artifactKey: Guid(5393019d616f74d17a3967d87e850039) Importer(815301076,1909f56bfc062723c751e8b465ee728b)
Start importing Assets/Scenes/GameScene.unity using Guid(5393019d616f74d17a3967d87e850039) Importer(815301076,1909f56bfc062723c751e8b465ee728b)  -> (artifact id: '121cb719f3c25354005b54dfc49861f6') in 0.007443 seconds 
  Import took 0.009537 seconds .

========================================================================
Received Import Request.
  Time since last request: 7.930865 seconds.
  path: Assets/script
  artifactKey: Guid(8314fffb6a0b44c978ba95d2f047c514) Importer(815301076,1909f56bfc062723c751e8b465ee728b)
Start importing Assets/script using Guid(8314fffb6a0b44c978ba95d2f047c514) Importer(815301076,1909f56bfc062723c751e8b465ee728b)  -> (artifact id: '28e4de06e659e8a745a99502aabfb249') in 0.004221 seconds 
  Import took 0.014350 seconds .

========================================================================
Received Import Request.
  Time since last request: 0.001105 seconds.
  path: Assets/script
  artifactKey: Guid(8314fffb6a0b44c978ba95d2f047c514) Importer(815301076,1909f56bfc062723c751e8b465ee728b)
Start importing Assets/script using Guid(8314fffb6a0b44c978ba95d2f047c514) Importer(815301076,1909f56bfc062723c751e8b465ee728b)  -> (artifact id: '28e4de06e659e8a745a99502aabfb249') in 0.002563 seconds 
  Import took 0.008308 seconds .

